Analysis & Synthesis report for DIVISOR
Mon Nov 13 23:27:14 2023
Quartus Prime Version 17.1.1 Internal Build 593 12/11/2017 SJ Standard Edition


---------------------
; Table of Contents ;
---------------------
  1. Legal Notice
  2. Analysis & Synthesis Summary
  3. Analysis & Synthesis Settings
  4. Parallel Compilation
  5. Analysis & Synthesis Source Files Read
  6. Analysis & Synthesis Resource Usage Summary
  7. Analysis & Synthesis Resource Utilization by Entity
  8. Registers Removed During Synthesis
  9. Removed Registers Triggering Further Register Optimizations
 10. General Register Statistics
 11. Parameter Settings for User Entity Instance: Top-level Entity: |divisor_segmentado
 12. Post-Synthesis Netlist Statistics for Top Partition
 13. Elapsed Time Per Partition
 14. Analysis & Synthesis Messages
 15. Analysis & Synthesis Suppressed Messages



----------------
; Legal Notice ;
----------------
Copyright (C) 2017  Intel Corporation. All rights reserved.
Your use of Intel Corporation's design tools, logic functions 
and other software and tools, and its AMPP partner logic 
functions, and any output files from any of the foregoing 
(including device programming or simulation files), and any 
associated documentation or information are expressly subject 
to the terms and conditions of the Intel Program License 
Subscription Agreement, the Intel Quartus Prime License Agreement,
the Intel FPGA IP License Agreement, or other applicable license
agreement, including, without limitation, that your use is for
the sole purpose of programming logic devices manufactured by
Intel and sold by Intel or its authorized distributors.  Please
refer to the applicable agreement for further details.



+-----------------------------------------------------------------------------------------------+
; Analysis & Synthesis Summary                                                                  ;
+------------------------------------+----------------------------------------------------------+
; Analysis & Synthesis Status        ; Successful - Mon Nov 13 23:27:14 2023                    ;
; Quartus Prime Version              ; 17.1.1 Internal Build 593 12/11/2017 SJ Standard Edition ;
; Revision Name                      ; DIVISOR                                                  ;
; Top-level Entity Name              ; divisor_segmentado                                       ;
; Family                             ; Cyclone IV E                                             ;
; Total logic elements               ; 272                                                      ;
;     Total combinational functions  ; 258                                                      ;
;     Dedicated logic registers      ; 145                                                      ;
; Total registers                    ; 145                                                      ;
; Total pins                         ; 36                                                       ;
; Total virtual pins                 ; 0                                                        ;
; Total memory bits                  ; 0                                                        ;
; Embedded Multiplier 9-bit elements ; 0                                                        ;
; Total PLLs                         ; 0                                                        ;
+------------------------------------+----------------------------------------------------------+


+----------------------------------------------------------------------------------------------------------------------+
; Analysis & Synthesis Settings                                                                                        ;
+----------------------------------------------------------------------------+--------------------+--------------------+
; Option                                                                     ; Setting            ; Default Value      ;
+----------------------------------------------------------------------------+--------------------+--------------------+
; Device                                                                     ; EP4CE115F29C7      ;                    ;
; Top-level entity name                                                      ; divisor_segmentado ; DIVISOR            ;
; Family name                                                                ; Cyclone IV E       ; Cyclone V          ;
; Power Optimization During Synthesis                                        ; Extra effort       ; Normal compilation ;
; Use smart compilation                                                      ; Off                ; Off                ;
; Enable parallel Assembler and TimeQuest Timing Analyzer during compilation ; On                 ; On                 ;
; Enable compact report table                                                ; Off                ; Off                ;
; Restructure Multiplexers                                                   ; Auto               ; Auto               ;
; Create Debugging Nodes for IP Cores                                        ; Off                ; Off                ;
; Preserve fewer node names                                                  ; On                 ; On                 ;
; Intel FPGA IP Evaluation Mode                                              ; Enable             ; Enable             ;
; Verilog Version                                                            ; Verilog_2001       ; Verilog_2001       ;
; VHDL Version                                                               ; VHDL_1993          ; VHDL_1993          ;
; State Machine Processing                                                   ; Auto               ; Auto               ;
; Safe State Machine                                                         ; Off                ; Off                ;
; Extract Verilog State Machines                                             ; On                 ; On                 ;
; Extract VHDL State Machines                                                ; On                 ; On                 ;
; Ignore Verilog initial constructs                                          ; Off                ; Off                ;
; Iteration limit for constant Verilog loops                                 ; 5000               ; 5000               ;
; Iteration limit for non-constant Verilog loops                             ; 250                ; 250                ;
; Add Pass-Through Logic to Inferred RAMs                                    ; On                 ; On                 ;
; Infer RAMs from Raw Logic                                                  ; On                 ; On                 ;
; Parallel Synthesis                                                         ; On                 ; On                 ;
; DSP Block Balancing                                                        ; Auto               ; Auto               ;
; NOT Gate Push-Back                                                         ; On                 ; On                 ;
; Power-Up Don't Care                                                        ; On                 ; On                 ;
; Remove Redundant Logic Cells                                               ; Off                ; Off                ;
; Remove Duplicate Registers                                                 ; On                 ; On                 ;
; Ignore CARRY Buffers                                                       ; Off                ; Off                ;
; Ignore CASCADE Buffers                                                     ; Off                ; Off                ;
; Ignore GLOBAL Buffers                                                      ; Off                ; Off                ;
; Ignore ROW GLOBAL Buffers                                                  ; Off                ; Off                ;
; Ignore LCELL Buffers                                                       ; Off                ; Off                ;
; Ignore SOFT Buffers                                                        ; On                 ; On                 ;
; Limit AHDL Integers to 32 Bits                                             ; Off                ; Off                ;
; Optimization Technique                                                     ; Balanced           ; Balanced           ;
; Carry Chain Length                                                         ; 70                 ; 70                 ;
; Auto Carry Chains                                                          ; On                 ; On                 ;
; Auto Open-Drain Pins                                                       ; On                 ; On                 ;
; Perform WYSIWYG Primitive Resynthesis                                      ; Off                ; Off                ;
; Auto ROM Replacement                                                       ; On                 ; On                 ;
; Auto RAM Replacement                                                       ; On                 ; On                 ;
; Auto DSP Block Replacement                                                 ; On                 ; On                 ;
; Auto Shift Register Replacement                                            ; Auto               ; Auto               ;
; Allow Shift Register Merging across Hierarchies                            ; Auto               ; Auto               ;
; Auto Clock Enable Replacement                                              ; On                 ; On                 ;
; Strict RAM Replacement                                                     ; Off                ; Off                ;
; Allow Synchronous Control Signals                                          ; On                 ; On                 ;
; Force Use of Synchronous Clear Signals                                     ; Off                ; Off                ;
; Auto RAM Block Balancing                                                   ; On                 ; On                 ;
; Auto RAM to Logic Cell Conversion                                          ; Off                ; Off                ;
; Auto Resource Sharing                                                      ; Off                ; Off                ;
; Allow Any RAM Size For Recognition                                         ; Off                ; Off                ;
; Allow Any ROM Size For Recognition                                         ; Off                ; Off                ;
; Allow Any Shift Register Size For Recognition                              ; Off                ; Off                ;
; Use LogicLock Constraints during Resource Balancing                        ; On                 ; On                 ;
; Ignore translate_off and synthesis_off directives                          ; Off                ; Off                ;
; Timing-Driven Synthesis                                                    ; On                 ; On                 ;
; Report Parameter Settings                                                  ; On                 ; On                 ;
; Report Source Assignments                                                  ; On                 ; On                 ;
; Report Connectivity Checks                                                 ; On                 ; On                 ;
; Ignore Maximum Fan-Out Assignments                                         ; Off                ; Off                ;
; Synchronization Register Chain Length                                      ; 2                  ; 2                  ;
; HDL message level                                                          ; Level2             ; Level2             ;
; Suppress Register Optimization Related Messages                            ; Off                ; Off                ;
; Number of Removed Registers Reported in Synthesis Report                   ; 5000               ; 5000               ;
; Number of Swept Nodes Reported in Synthesis Report                         ; 5000               ; 5000               ;
; Number of Inverted Registers Reported in Synthesis Report                  ; 100                ; 100                ;
; Clock MUX Protection                                                       ; On                 ; On                 ;
; Auto Gated Clock Conversion                                                ; Off                ; Off                ;
; Block Design Naming                                                        ; Auto               ; Auto               ;
; SDC constraint protection                                                  ; Off                ; Off                ;
; Synthesis Effort                                                           ; Auto               ; Auto               ;
; Shift Register Replacement - Allow Asynchronous Clear Signal               ; On                 ; On                 ;
; Pre-Mapping Resynthesis Optimization                                       ; Off                ; Off                ;
; Analysis & Synthesis Message Level                                         ; Medium             ; Medium             ;
; Disable Register Merging Across Hierarchies                                ; Auto               ; Auto               ;
; Resource Aware Inference For Block RAM                                     ; On                 ; On                 ;
+----------------------------------------------------------------------------+--------------------+--------------------+


+------------------------------------------+
; Parallel Compilation                     ;
+----------------------------+-------------+
; Processors                 ; Number      ;
+----------------------------+-------------+
; Number detected on machine ; 12          ;
; Maximum allowed            ; 12          ;
;                            ;             ;
; Average used               ; 1.00        ;
; Maximum used               ; 12          ;
;                            ;             ;
; Usage by Processor         ; % Time Used ;
;     Processor 1            ; 100.0%      ;
;     Processors 2-12        ;   0.0%      ;
+----------------------------+-------------+


+-------------------------------------------------------------------------------------------------------------------------------------------+
; Analysis & Synthesis Source Files Read                                                                                                    ;
+----------------------------------+-----------------+------------------------------+---------------------------------------------+---------+
; File Name with User-Entered Path ; Used in Netlist ; File Type                    ; File Name with Absolute Path                ; Library ;
+----------------------------------+-----------------+------------------------------+---------------------------------------------+---------+
; divisor_segmentado.sv            ; yes             ; User SystemVerilog HDL File  ; W:/ISDIGI/proyectoDos/divisor_segmentado.sv ;         ;
+----------------------------------+-----------------+------------------------------+---------------------------------------------+---------+


+-----------------------------------------------------------+
; Analysis & Synthesis Resource Usage Summary               ;
+---------------------------------------------+-------------+
; Resource                                    ; Usage       ;
+---------------------------------------------+-------------+
; Estimated Total logic elements              ; 272         ;
;                                             ;             ;
; Total combinational functions               ; 258         ;
; Logic element usage by number of LUT inputs ;             ;
;     -- 4 input functions                    ; 12          ;
;     -- 3 input functions                    ; 216         ;
;     -- <=2 input functions                  ; 30          ;
;                                             ;             ;
; Logic elements by mode                      ;             ;
;     -- normal mode                          ; 146         ;
;     -- arithmetic mode                      ; 112         ;
;                                             ;             ;
; Total registers                             ; 145         ;
;     -- Dedicated logic registers            ; 145         ;
;     -- I/O registers                        ; 0           ;
;                                             ;             ;
; I/O pins                                    ; 36          ;
;                                             ;             ;
; Embedded Multiplier 9-bit elements          ; 0           ;
;                                             ;             ;
; Maximum fan-out node                        ; START~input ;
; Maximum fan-out                             ; 152         ;
; Total fan-out                               ; 1342        ;
; Average fan-out                             ; 2.83        ;
+---------------------------------------------+-------------+


+-----------------------------------------------------------------------------------------------------------------------------------------------------------------------------------------------------------------+
; Analysis & Synthesis Resource Utilization by Entity                                                                                                                                                             ;
+----------------------------+---------------------+---------------------------+-------------+--------------+---------+-----------+------+--------------+---------------------+--------------------+--------------+
; Compilation Hierarchy Node ; Combinational ALUTs ; Dedicated Logic Registers ; Memory Bits ; DSP Elements ; DSP 9x9 ; DSP 18x18 ; Pins ; Virtual Pins ; Full Hierarchy Name ; Entity Name        ; Library Name ;
+----------------------------+---------------------+---------------------------+-------------+--------------+---------+-----------+------+--------------+---------------------+--------------------+--------------+
; |divisor_segmentado        ; 258 (258)           ; 145 (145)                 ; 0           ; 0            ; 0       ; 0         ; 36   ; 0            ; |divisor_segmentado ; divisor_segmentado ; work         ;
+----------------------------+---------------------+---------------------------+-------------+--------------+---------+-----------+------+--------------+---------------------+--------------------+--------------+
Note: For table entries with two numbers listed, the numbers in parentheses indicate the number of resources of the given type used by the specific entity alone. The numbers listed outside of parentheses indicate the total resources of the given type used by the specific entity and all of its sub-entities in the hierarchy.


+----------------------------------------------------------------------------------+
; Registers Removed During Synthesis                                               ;
+-----------------------------------------+----------------------------------------+
; Register name                           ; Reason for Removal                     ;
+-----------------------------------------+----------------------------------------+
; accu[16][6]                             ; Lost fanout                            ;
; accu[16][5]                             ; Lost fanout                            ;
; accu[16][4]                             ; Lost fanout                            ;
; accu[16][3]                             ; Lost fanout                            ;
; accu[16][2]                             ; Lost fanout                            ;
; accu[16][1]                             ; Lost fanout                            ;
; accu[16][0]                             ; Lost fanout                            ;
; q[16][7]                                ; Lost fanout                            ;
; q[16][6]                                ; Lost fanout                            ;
; q[16][5]                                ; Lost fanout                            ;
; q[16][4]                                ; Lost fanout                            ;
; q[16][3]                                ; Lost fanout                            ;
; q[16][2]                                ; Lost fanout                            ;
; q[16][1]                                ; Lost fanout                            ;
; q[16][0]                                ; Lost fanout                            ;
; q[14][7]                                ; Lost fanout                            ;
; q[14][6]                                ; Lost fanout                            ;
; q[14][5]                                ; Lost fanout                            ;
; q[14][4]                                ; Lost fanout                            ;
; q[14][3]                                ; Lost fanout                            ;
; q[14][2]                                ; Lost fanout                            ;
; q[14][1]                                ; Lost fanout                            ;
; q[14][0]                                ; Lost fanout                            ;
; q[12][7]                                ; Lost fanout                            ;
; q[12][6]                                ; Lost fanout                            ;
; q[12][5]                                ; Lost fanout                            ;
; q[12][4]                                ; Lost fanout                            ;
; q[12][3]                                ; Lost fanout                            ;
; q[12][2]                                ; Lost fanout                            ;
; q[12][1]                                ; Lost fanout                            ;
; q[12][0]                                ; Lost fanout                            ;
; q[10][7]                                ; Lost fanout                            ;
; q[10][6]                                ; Lost fanout                            ;
; q[10][5]                                ; Lost fanout                            ;
; q[10][4]                                ; Lost fanout                            ;
; q[10][3]                                ; Lost fanout                            ;
; q[10][2]                                ; Lost fanout                            ;
; q[10][1]                                ; Lost fanout                            ;
; q[10][0]                                ; Lost fanout                            ;
; q[8][7]                                 ; Lost fanout                            ;
; q[8][6]                                 ; Lost fanout                            ;
; q[8][5]                                 ; Lost fanout                            ;
; q[8][4]                                 ; Lost fanout                            ;
; q[8][3]                                 ; Lost fanout                            ;
; q[8][2]                                 ; Lost fanout                            ;
; q[8][1]                                 ; Lost fanout                            ;
; q[8][0]                                 ; Lost fanout                            ;
; q[6][7]                                 ; Lost fanout                            ;
; q[6][6]                                 ; Lost fanout                            ;
; q[6][5]                                 ; Lost fanout                            ;
; q[6][4]                                 ; Lost fanout                            ;
; q[6][3]                                 ; Lost fanout                            ;
; q[6][2]                                 ; Lost fanout                            ;
; q[6][1]                                 ; Lost fanout                            ;
; q[6][0]                                 ; Lost fanout                            ;
; q[4][7]                                 ; Lost fanout                            ;
; q[4][6]                                 ; Lost fanout                            ;
; q[4][5]                                 ; Lost fanout                            ;
; q[4][4]                                 ; Lost fanout                            ;
; q[4][3]                                 ; Lost fanout                            ;
; q[4][2]                                 ; Lost fanout                            ;
; q[4][1]                                 ; Lost fanout                            ;
; q[4][0]                                 ; Lost fanout                            ;
; q[2][7]                                 ; Lost fanout                            ;
; q[2][6]                                 ; Lost fanout                            ;
; q[2][5]                                 ; Lost fanout                            ;
; q[2][4]                                 ; Lost fanout                            ;
; q[2][3]                                 ; Lost fanout                            ;
; q[2][2]                                 ; Lost fanout                            ;
; q[2][1]                                 ; Lost fanout                            ;
; q[2][0]                                 ; Lost fanout                            ;
; accu[15][2]                             ; Merged with accu[15][1]                ;
; accu[15][3]                             ; Merged with accu[15][1]                ;
; accu[15][4]                             ; Merged with accu[15][1]                ;
; accu[15][5]                             ; Merged with accu[15][1]                ;
; accu[15][6]                             ; Merged with accu[15][1]                ;
; accu[15][7]                             ; Merged with accu[15][1]                ;
; q[11][0]                                ; Merged with accu[15][1]                ;
; q[13][0]                                ; Merged with accu[15][1]                ;
; q[15][0]                                ; Merged with accu[15][1]                ;
; q[1][0]                                 ; Merged with accu[15][1]                ;
; q[3][0]                                 ; Merged with accu[15][1]                ;
; q[5][0]                                 ; Merged with accu[15][1]                ;
; q[7][0]                                 ; Merged with accu[15][1]                ;
; q[9][0]                                 ; Merged with accu[15][1]                ;
; accu[15][1]                             ; Stuck at GND due to stuck port data_in ;
; q[15][7]                                ; Lost fanout                            ;
; q[15][6]                                ; Lost fanout                            ;
; q[15][5]                                ; Lost fanout                            ;
; q[15][4]                                ; Lost fanout                            ;
; q[15][3]                                ; Lost fanout                            ;
; q[15][2]                                ; Lost fanout                            ;
; q[15][1]                                ; Lost fanout                            ;
; q[13][7]                                ; Lost fanout                            ;
; q[13][6]                                ; Lost fanout                            ;
; q[13][5]                                ; Lost fanout                            ;
; q[13][4]                                ; Lost fanout                            ;
; q[13][3]                                ; Lost fanout                            ;
; q[13][2]                                ; Lost fanout                            ;
; q[13][1]                                ; Lost fanout                            ;
; q[11][7]                                ; Lost fanout                            ;
; q[11][6]                                ; Lost fanout                            ;
; q[11][5]                                ; Lost fanout                            ;
; q[11][4]                                ; Lost fanout                            ;
; q[11][3]                                ; Lost fanout                            ;
; q[11][2]                                ; Lost fanout                            ;
; q[11][1]                                ; Lost fanout                            ;
; q[9][7]                                 ; Lost fanout                            ;
; q[9][6]                                 ; Lost fanout                            ;
; q[9][5]                                 ; Lost fanout                            ;
; q[9][4]                                 ; Lost fanout                            ;
; q[9][3]                                 ; Lost fanout                            ;
; q[9][2]                                 ; Lost fanout                            ;
; q[9][1]                                 ; Lost fanout                            ;
; q[7][7]                                 ; Lost fanout                            ;
; q[7][6]                                 ; Lost fanout                            ;
; q[7][5]                                 ; Lost fanout                            ;
; q[7][4]                                 ; Lost fanout                            ;
; q[7][3]                                 ; Lost fanout                            ;
; q[7][2]                                 ; Lost fanout                            ;
; q[7][1]                                 ; Lost fanout                            ;
; q[5][7]                                 ; Lost fanout                            ;
; q[5][6]                                 ; Lost fanout                            ;
; q[5][5]                                 ; Lost fanout                            ;
; q[5][4]                                 ; Lost fanout                            ;
; q[5][3]                                 ; Lost fanout                            ;
; q[5][2]                                 ; Lost fanout                            ;
; q[5][1]                                 ; Lost fanout                            ;
; q[3][7]                                 ; Lost fanout                            ;
; q[3][6]                                 ; Lost fanout                            ;
; q[3][5]                                 ; Lost fanout                            ;
; q[3][4]                                 ; Lost fanout                            ;
; q[3][3]                                 ; Lost fanout                            ;
; q[3][2]                                 ; Lost fanout                            ;
; q[3][1]                                 ; Lost fanout                            ;
; Total Number of Removed Registers = 135 ;                                        ;
+-----------------------------------------+----------------------------------------+


+---------------------------------------------------------------------------------------------------------------------------------------------------+
; Removed Registers Triggering Further Register Optimizations                                                                                       ;
+---------------+---------------------------+-------------------------------------------------------------------------------------------------------+
; Register name ; Reason for Removal        ; Registers Removed due to This Register                                                                ;
+---------------+---------------------------+-------------------------------------------------------------------------------------------------------+
; accu[15][1]   ; Stuck at GND              ; q[15][7], q[15][6], q[15][3], q[15][2], q[13][6], q[13][5], q[13][4], q[11][7], q[11][6], q[11][5],   ;
;               ; due to stuck port data_in ; q[11][4], q[11][3], q[11][2], q[9][6], q[7][5], q[5][7], q[5][6], q[5][3], q[5][2], q[3][6], q[3][5], ;
;               ;                           ; q[3][4]                                                                                               ;
+---------------+---------------------------+-------------------------------------------------------------------------------------------------------+


+------------------------------------------------------+
; General Register Statistics                          ;
+----------------------------------------------+-------+
; Statistic                                    ; Value ;
+----------------------------------------------+-------+
; Total registers                              ; 145   ;
; Number of registers using Synchronous Clear  ; 0     ;
; Number of registers using Synchronous Load   ; 14    ;
; Number of registers using Asynchronous Clear ; 145   ;
; Number of registers using Asynchronous Load  ; 0     ;
; Number of registers using Clock Enable       ; 72    ;
; Number of registers using Preset             ; 0     ;
+----------------------------------------------+-------+


+------------------------------------------------------------------------------------+
; Parameter Settings for User Entity Instance: Top-level Entity: |divisor_segmentado ;
+----------------+-------+-----------------------------------------------------------+
; Parameter Name ; Value ; Type                                                      ;
+----------------+-------+-----------------------------------------------------------+
; tamanyo        ; 8     ; Signed Integer                                            ;
; etapas         ; 17    ; Signed Integer                                            ;
+----------------+-------+-----------------------------------------------------------+
Note: In order to hide this table in the UI and the text report file, please set the "Show Parameter Settings in Synthesis Report" option in "Analysis and Synthesis Settings -> More Settings" to "Off".


+-----------------------------------------------------+
; Post-Synthesis Netlist Statistics for Top Partition ;
+-----------------------+-----------------------------+
; Type                  ; Count                       ;
+-----------------------+-----------------------------+
; boundary_port         ; 36                          ;
; cycloneiii_ff         ; 145                         ;
;     CLR               ; 73                          ;
;     ENA CLR           ; 58                          ;
;     ENA CLR SLD       ; 14                          ;
; cycloneiii_lcell_comb ; 258                         ;
;     arith             ; 112                         ;
;         2 data inputs ; 6                           ;
;         3 data inputs ; 106                         ;
;     normal            ; 146                         ;
;         1 data inputs ; 2                           ;
;         2 data inputs ; 22                          ;
;         3 data inputs ; 110                         ;
;         4 data inputs ; 12                          ;
;                       ;                             ;
; Max LUT depth         ; 20.80                       ;
; Average LUT depth     ; 12.72                       ;
+-----------------------+-----------------------------+


+-------------------------------+
; Elapsed Time Per Partition    ;
+----------------+--------------+
; Partition Name ; Elapsed Time ;
+----------------+--------------+
; Top            ; 00:00:01     ;
+----------------+--------------+


+-------------------------------+
; Analysis & Synthesis Messages ;
+-------------------------------+
Info: *******************************************************************
Info: Running Quartus Prime Analysis & Synthesis
    Info: Version 17.1.1 Internal Build 593 12/11/2017 SJ Standard Edition
    Info: Processing started: Mon Nov 13 23:26:37 2023
Info: Command: quartus_map --read_settings_files=on --write_settings_files=off DIVISOR -c DIVISOR
Info (16303): Aggressive Power optimization mode selected -- dynamic power will be prioritized at the potential cost of reduced timing performance and increased compilation time
Warning (18236): Number of processors has not been specified which may cause overloading on shared machines.  Set the global assignment NUM_PARALLEL_PROCESSORS in your QSF to an appropriate value for best performance.
Info (20030): Parallel compilation is enabled and will use 12 of the 12 processors detected
Info (12021): Found 1 design units, including 1 entities, in source file divisor_segmentado.sv
    Info (12023): Found entity 1: divisor_segmentado File: W:/ISDIGI/proyectoDos/divisor_segmentado.sv Line: 1
Info (12021): Found 1 design units, including 1 entities, in source file divisor_algoritmico.sv
    Info (12023): Found entity 1: Divisor_Algoritmico File: W:/ISDIGI/proyectoDos/Divisor_Algoritmico.sv Line: 1
Info (12127): Elaborating entity "divisor_segmentado" for the top level hierarchy
Warning (10230): Verilog HDL assignment warning at divisor_segmentado.sv(49): truncated value with size 32 to match size of target (8) File: W:/ISDIGI/proyectoDos/divisor_segmentado.sv Line: 49
Info (286030): Timing-Driven Synthesis is running
Info (17049): 120 registers lost all their fanouts during netlist optimizations.
Info (144001): Generated suppressed messages file W:/ISDIGI/proyectoDos/output_files/DIVISOR.map.smsg
Info (16010): Generating hard_block partition "hard_block:auto_generated_inst"
    Info (16011): Adding 0 node(s), including 0 DDIO, 0 PLL, 0 transceiver and 0 LCELL
Info (21057): Implemented 417 device resources after synthesis - the final resource count might be different
    Info (21058): Implemented 19 input pins
    Info (21059): Implemented 17 output pins
    Info (21061): Implemented 381 logic cells
Info: Quartus Prime Analysis & Synthesis was successful. 0 errors, 2 warnings
    Info: Peak virtual memory: 723 megabytes
    Info: Processing ended: Mon Nov 13 23:27:14 2023
    Info: Elapsed time: 00:00:37
    Info: Total CPU time (on all processors): 00:00:32


+------------------------------------------+
; Analysis & Synthesis Suppressed Messages ;
+------------------------------------------+
The suppressed messages can be found in W:/ISDIGI/proyectoDos/output_files/DIVISOR.map.smsg.


